<?xml version="1.0" encoding="UTF-8"?>
<coverage generated="1516935671211" clover="3.2.0">
  <project timestamp="1516935671211" name="All files">
    <metrics statements="17" coveredstatements="17" conditionals="4" coveredconditionals="4" methods="6" coveredmethods="6" elements="27" coveredelements="27" complexity="0" loc="17" ncloc="17" packages="2" files="3" classes="3">
      <package name="react-geolocation-hoc">
        <metrics statements="1" coveredstatements="1" conditionals="0" coveredconditionals="0" methods="0" coveredmethods="0"/>
        <file name=".enzyme.js" path="/home/hypersprite/Documents/code/react-geolocation-hoc/.enzyme.js">
          <metrics statements="1" coveredstatements="1" conditionals="0" coveredconditionals="0" methods="0" coveredmethods="0"/>
          <line num="4" count="1" type="stmt"/>
        </file>
      </package>
      <package name="react-geolocation-hoc.src">
        <metrics statements="16" coveredstatements="16" conditionals="4" coveredconditionals="4" methods="6" coveredmethods="6"/>
        <file name="geolocation-hoc.jsx" path="/home/hypersprite/Documents/code/react-geolocation-hoc/src/geolocation-hoc.jsx">
          <metrics statements="16" coveredstatements="16" conditionals="4" coveredconditionals="4" methods="6" coveredmethods="6"/>
          <line num="4" count="1" type="stmt"/>
          <line num="13" count="1" type="stmt"/>
          <line num="19" count="1" type="stmt"/>
          <line num="22" count="4" type="stmt"/>
          <line num="23" count="4" type="stmt"/>
          <line num="28" count="4" type="stmt"/>
          <line num="29" count="4" type="stmt"/>
          <line num="33" count="4" type="cond" truecount="4" falsecount="0"/>
          <line num="34" count="1" type="stmt"/>
          <line num="36" count="3" type="stmt"/>
          <line num="41" count="1" type="stmt"/>
          <line num="55" count="3" type="stmt"/>
          <line num="69" count="8" type="stmt"/>
          <line num="73" count="4" type="stmt"/>
          <line num="74" count="4" type="stmt"/>
          <line num="75" count="4" type="stmt"/>
        </file>
        <file name="index.js" path="/home/hypersprite/Documents/code/react-geolocation-hoc/src/index.js">
          <metrics statements="0" coveredstatements="0" conditionals="0" coveredconditionals="0" methods="0" coveredmethods="0"/>
        </file>
      </package>
    </metrics>
  </project>
</coverage>
