{"/home/hypersprite/Documents/code/react-geolocation-hoc/.enzyme.js": {"path":"/home/hypersprite/Documents/code/react-geolocation-hoc/.enzyme.js","statementMap":{"0":{"start":{"line":4,"column":0},"end":{"line":4,"column":38}}},"fnMap":{},"branchMap":{},"s":{"0":1},"f":{},"b":{},"_coverageSchema":"332fd63041d2c1bcb487cc26dd0d5f7d97098a6c","hash":"de4c829b94b51ab082dd2d72e22af7f4f2c62cf7"}
,"/home/hypersprite/Documents/code/react-geolocation-hoc/src/geolocation-hoc.jsx": {"path":"/home/hypersprite/Documents/code/react-geolocation-hoc/src/geolocation-hoc.jsx","statementMap":{"0":{"start":{"line":4,"column":18},"end":{"line":11,"column":1}},"1":{"start":{"line":13,"column":21},"end":{"line":17,"column":1}},"2":{"start":{"line":19,"column":23},"end":{"line":76,"column":1}},"3":{"start":{"line":22,"column":6},"end":{"line":22,"column":19}},"4":{"start":{"line":23,"column":6},"end":{"line":27,"column":8}},"5":{"start":{"line":28,"column":6},"end":{"line":28,"column":57}},"6":{"start":{"line":29,"column":6},"end":{"line":29,"column":53}},"7":{"start":{"line":33,"column":6},"end":{"line":37,"column":7}},"8":{"start":{"line":34,"column":8},"end":{"line":34,"column":87}},"9":{"start":{"line":36,"column":8},"end":{"line":36,"column":27}},"10":{"start":{"line":41,"column":6},"end":{"line":51,"column":9}},"11":{"start":{"line":55,"column":6},"end":{"line":65,"column":9}},"12":{"start":{"line":69,"column":6},"end":{"line":69,"column":43}},"13":{"start":{"line":73,"column":2},"end":{"line":73,"column":45}},"14":{"start":{"line":74,"column":2},"end":{"line":74,"column":51}},"15":{"start":{"line":75,"column":2},"end":{"line":75,"column":30}}},"fnMap":{"0":{"name":"(anonymous_0)","decl":{"start":{"line":19,"column":23},"end":{"line":19,"column":24}},"loc":{"start":{"line":19,"column":38},"end":{"line":76,"column":1}},"line":19},"1":{"name":"(anonymous_1)","decl":{"start":{"line":21,"column":4},"end":{"line":21,"column":5}},"loc":{"start":{"line":21,"column":23},"end":{"line":30,"column":5}},"line":21},"2":{"name":"(anonymous_2)","decl":{"start":{"line":32,"column":4},"end":{"line":32,"column":5}},"loc":{"start":{"line":32,"column":24},"end":{"line":38,"column":5}},"line":32},"3":{"name":"(anonymous_3)","decl":{"start":{"line":40,"column":4},"end":{"line":40,"column":5}},"loc":{"start":{"line":40,"column":28},"end":{"line":52,"column":5}},"line":40},"4":{"name":"(anonymous_4)","decl":{"start":{"line":54,"column":4},"end":{"line":54,"column":5}},"loc":{"start":{"line":54,"column":18},"end":{"line":66,"column":5}},"line":54},"5":{"name":"(anonymous_5)","decl":{"start":{"line":68,"column":4},"end":{"line":68,"column":5}},"loc":{"start":{"line":68,"column":13},"end":{"line":70,"column":5}},"line":68}},"branchMap":{"0":{"loc":{"start":{"line":33,"column":6},"end":{"line":37,"column":7}},"type":"if","locations":[{"start":{"line":33,"column":6},"end":{"line":37,"column":7}},{"start":{"line":33,"column":6},"end":{"line":37,"column":7}}],"line":33},"1":{"loc":{"start":{"line":33,"column":10},"end":{"line":33,"column":57}},"type":"binary-expr","locations":[{"start":{"line":33,"column":10},"end":{"line":33,"column":31}},{"start":{"line":33,"column":35},"end":{"line":33,"column":57}}],"line":33}},"s":{"0":1,"1":1,"2":1,"3":4,"4":4,"5":4,"6":4,"7":4,"8":1,"9":3,"10":1,"11":3,"12":8,"13":4,"14":4,"15":4},"f":{"0":4,"1":4,"2":4,"3":1,"4":3,"5":8},"b":{"0":[1,3],"1":[4,1]},"_coverageSchema":"332fd63041d2c1bcb487cc26dd0d5f7d97098a6c","hash":"4cd2cc2bcb1c06c7a06c7a9cfba648d20f8de829"}
,"/home/hypersprite/Documents/code/react-geolocation-hoc/src/index.js": {"path":"/home/hypersprite/Documents/code/react-geolocation-hoc/src/index.js","statementMap":{},"fnMap":{},"branchMap":{},"s":{},"f":{},"b":{},"_coverageSchema":"332fd63041d2c1bcb487cc26dd0d5f7d97098a6c","hash":"251443a3d11f253dd80f323646c71ad56d5b2892"}
}
