TN:
SF:/home/hypersprite/Documents/code/react-geolocation-hoc/.enzyme.js
FNF:0
FNH:0
DA:4,1
LF:1
LH:1
BRF:0
BRH:0
end_of_record
TN:
SF:/home/hypersprite/Documents/code/react-geolocation-hoc/src/geolocation-hoc.jsx
FN:19,(anonymous_0)
FN:21,(anonymous_1)
FN:32,(anonymous_2)
FN:40,(anonymous_3)
FN:54,(anonymous_4)
FN:68,(anonymous_5)
FNF:6
FNH:6
FNDA:4,(anonymous_0)
FNDA:4,(anonymous_1)
FNDA:4,(anonymous_2)
FNDA:1,(anonymous_3)
FNDA:3,(anonymous_4)
FNDA:8,(anonymous_5)
DA:4,1
DA:13,1
DA:19,1
DA:22,4
DA:23,4
DA:28,4
DA:29,4
DA:33,4
DA:34,1
DA:36,3
DA:41,1
DA:55,3
DA:69,8
DA:73,4
DA:74,4
DA:75,4
LF:16
LH:16
BRDA:33,0,0,1
BRDA:33,0,1,3
BRDA:33,1,0,4
BRDA:33,1,1,1
BRF:4
BRH:4
end_of_record
TN:
SF:/home/hypersprite/Documents/code/react-geolocation-hoc/src/index.js
FNF:0
FNH:0
LF:0
LH:0
BRF:0
BRH:0
end_of_record
